-------------------------------------------------------------------------------
Test set: com.Automation.Test.Automation_Test
-------------------------------------------------------------------------------
Tests run: 1, Failures: 1, Errors: 0, Skipped: 0, Time elapsed: 3.663 sec <<< FAILURE!
method_call(com.Automation.Test.Automation_Test)  Time elapsed: 0.124 sec  <<< FAILURE!
java.lang.AssertionError: expected [true] but found [false]
	at org.testng.Assert.fail(Assert.java:93)
	at org.testng.Assert.failNotEquals(Assert.java:512)
	at org.testng.Assert.assertTrue(Assert.java:41)
	at org.testng.Assert.assertTrue(Assert.java:51)
	at com.Automatiom.Library.seleniumRepository.scrollByOffsetVertical(seleniumRepository.java:226)
	at com.Automation.Pages.C_CheckOut_page.checkout(C_CheckOut_page.java:13)
	at com.Automation.Test.Automation_Test.method_call(Automation_Test.java:22)

