<?xml version="1.0" encoding="UTF-8"?>
<!-- Generated by org.testng.reporters.JUnitXMLReporter -->
<testsuite hostname="DESKTOP-GQF8HD8" ignored="0" name="Command line test" tests="1" failures="1" timestamp="11 Apr 2019 17:33:42 GMT" time="3.097" errors="0">
  <testcase name="method_call" time="0.029" classname="com.Automation.Test.Automation_Test">
    <failure type="java.lang.AssertionError" message="expected [true] but found [false]">
      <![CDATA[java.lang.AssertionError: expected [true] but found [false]
	at com.Automatiom.Library.seleniumRepository.scrollByOffsetVertical(seleniumRepository.java:226)
	at com.Automation.Pages.C_CheckOut_page.checkout(C_CheckOut_page.java:13)
	at com.Automation.Test.Automation_Test.method_call(Automation_Test.java:22)
... Removed 38 stack frames]]>
    </failure>
  </testcase> <!-- method_call -->
</testsuite> <!-- Command line test -->
